<?xml version="1.0" encoding="UTF-8"?>
<!-- Generated by org.testng.reporters.JUnitReportReporter -->
<testsuite hostname="Justinas-Bakutis.local" failures="0" tests="6" name="Tests.PA1" time="52.702" errors="0" timestamp="2022-02-13T14:24:33 EET" skipped="0">
  <testcase classname="Tests.PA1" name="PA1AS1" time="5.578"/>
  <system-out/>
  <testcase classname="Tests.PA1" name="PA1AS3" time="9.899"/>
  <system-out/>
  <testcase classname="Tests.PA1" name="PA1PS1" time="9.825"/>
  <system-out/>
  <testcase classname="Tests.PA1" name="PA1AS2" time="8.141"/>
  <system-out/>
  <testcase classname="Tests.PA1" name="PA1PS1" time="11.291"/>
  <system-out/>
  <testcase classname="Tests.PA1" name="PA1AS2" time="7.968"/>
  <system-out/>
</testsuite> <!-- Tests.PA1 -->
