<?xml version="1.0" encoding="UTF-8"?>
<!-- Generated by org.testng.reporters.JUnitReportReporter -->
<testsuite hostname="Justinas-Bakutis.local" failures="0" tests="1" name="Tests.SmokeTests" time="3.681" errors="0" timestamp="2022-02-10T01:14:54 EET" skipped="0">
  <testcase classname="Tests.SmokeTests" name="FirstTest" time="3.681"/>
  <system-out/>
</testsuite> <!-- Tests.SmokeTests -->
