<?xml version="1.0" encoding="UTF-8"?>
<!-- Generated by org.testng.reporters.JUnitReportReporter -->
<testsuite hostname="Justinas-Bakutis.local" failures="0" tests="2" name="Tests.PA4" time="1.077" errors="0" timestamp="2022-02-13T14:24:33 EET" skipped="0">
  <testcase classname="Tests.PA4" name="PA4_AM1PS1" time="0.384"/>
  <system-out/>
  <testcase classname="Tests.PA4" name="PA4_AM1PS2" time="0.693"/>
  <system-out/>
</testsuite> <!-- Tests.PA4 -->
