<?xml version="1.0" encoding="UTF-8"?>
<!-- Generated by org.testng.reporters.JUnitReportReporter -->
<testsuite hostname="Justinas-Bakutis.local" failures="0" tests="1" name="Tests.UMM1" time="3.606" errors="0" timestamp="2022-02-10T12:59:10 EET" skipped="0">
  <testcase classname="Tests.UMM1" name="PS1" time="3.606"/>
  <system-out/>
</testsuite> <!-- Tests.UMM1 -->
