<?xml version="1.0" encoding="UTF-8"?>
<!-- Generated by org.testng.reporters.JUnitReportReporter -->
<testsuite hostname="Justinas-Bakutis.local" failures="0" tests="4" name="Tests.PA2" time="31.483" errors="0" timestamp="2022-02-13T14:24:33 EET" skipped="0">
  <testcase classname="Tests.PA2" name="PA2PS1" time="6.995"/>
  <system-out/>
  <testcase classname="Tests.PA2" name="PA2AS3" time="9.917"/>
  <system-out/>
  <testcase classname="Tests.PA2" name="PA2AS2" time="9.587"/>
  <system-out/>
  <testcase classname="Tests.PA2" name="PA2AS1" time="4.984"/>
  <system-out/>
</testsuite> <!-- Tests.PA2 -->
