<?xml version="1.0" encoding="UTF-8"?>
<!-- Generated by org.testng.reporters.JUnitReportReporter -->
<testsuite hostname="Justinas-Bakutis.local" failures="0" tests="2" name="Tests.PA3" time="14.318" errors="0" timestamp="2022-02-13T14:24:33 EET" skipped="0">
  <testcase classname="Tests.PA3" name="PA3PS1" time="7.170"/>
  <system-out/>
  <testcase classname="Tests.PA3" name="PA3PS1" time="7.148"/>
  <system-out/>
</testsuite> <!-- Tests.PA3 -->
