<?xml version="1.0" encoding="UTF-8"?>
<!-- Generated by org.testng.reporters.JUnitReportReporter -->
<testsuite hostname="Justinas-Bakutis.local" failures="0" tests="7" name="Tests.PA5" time="133.382" errors="0" timestamp="2022-02-13T14:28:39 EET" skipped="0">
  <testcase classname="Tests.PA5" name="PA5_AM6AS2" time="27.677"/>
  <system-out/>
  <testcase classname="Tests.PA5" name="PA5_AM6PS1" time="24.329"/>
  <system-out/>
  <testcase classname="Tests.PA5" name="PA5_AM5PS1" time="9.225"/>
  <system-out/>
  <testcase classname="Tests.PA5" name="PA5_AM4PS1" time="11.614"/>
  <system-out/>
  <testcase classname="Tests.PA5" name="PA5_AM2PS1" time="9.470"/>
  <system-out/>
  <testcase classname="Tests.PA5" name="PA5_AM3PS1" time="22.200"/>
  <system-out/>
  <testcase classname="Tests.PA5" name="PA5_AM6AS1" time="28.867"/>
  <system-out/>
</testsuite> <!-- Tests.PA5 -->
